# Logfile created on 2014-09-22 15:45:49 -0400 by logger.rb/44203
I, [2014-09-22T15:45:49.121805 #78155]  INFO -- : 0:  i18n (0.6.11) from /Users/samcouch/.rvm/rubies/ruby-2.1.0/lib/ruby/gems/2.1.0/specifications/i18n-0.6.11.gemspec
I, [2014-09-22T15:45:49.122151 #78155]  INFO -- : 0:  json (1.8.1) from /Users/samcouch/.rvm/rubies/ruby-2.1.0/lib/ruby/gems/2.1.0/specifications/default/json-1.8.1.gemspec
I, [2014-09-22T15:45:50.193039 #78155]  INFO -- : 0:  minitest (5.4.1) from /Users/samcouch/.rvm/rubies/ruby-2.1.0/lib/ruby/gems/2.1.0/specifications/minitest-5.4.1.gemspec
I, [2014-09-22T15:45:50.193454 #78155]  INFO -- : 0:  thread_safe (0.3.4) from /Users/samcouch/.rvm/rubies/ruby-2.1.0/lib/ruby/gems/2.1.0/specifications/thread_safe-0.3.4.gemspec
I, [2014-09-22T15:45:50.850851 #78155]  INFO -- : 0:  tzinfo (1.2.2) from /Users/samcouch/.rvm/rubies/ruby-2.1.0/lib/ruby/gems/2.1.0/specifications/tzinfo-1.2.2.gemspec
I, [2014-09-22T15:45:51.888154 #78155]  INFO -- : 0:  activesupport (4.1.6) from /Users/samcouch/.rvm/rubies/ruby-2.1.0/lib/ruby/gems/2.1.0/specifications/activesupport-4.1.6.gemspec
I, [2014-09-22T15:45:52.414463 #78155]  INFO -- : 0:  builder (3.2.2) from /Users/samcouch/.rvm/rubies/ruby-2.1.0/lib/ruby/gems/2.1.0/specifications/builder-3.2.2.gemspec
I, [2014-09-22T15:45:53.464624 #78155]  INFO -- : 0:  activemodel (4.1.6) from /Users/samcouch/.rvm/rubies/ruby-2.1.0/lib/ruby/gems/2.1.0/specifications/activemodel-4.1.6.gemspec
I, [2014-09-22T15:45:54.099915 #78155]  INFO -- : 0:  arel (5.0.1.20140414130214) from /Users/samcouch/.rvm/rubies/ruby-2.1.0/lib/ruby/gems/2.1.0/specifications/arel-5.0.1.20140414130214.gemspec
I, [2014-09-22T15:45:55.775865 #78155]  INFO -- : 0:  activerecord (4.1.6) from /Users/samcouch/.rvm/rubies/ruby-2.1.0/lib/ruby/gems/2.1.0/specifications/activerecord-4.1.6.gemspec
I, [2014-09-22T15:46:00.189653 #78155]  INFO -- : 0:  pg (0.17.1) from /Users/samcouch/.rvm/rubies/ruby-2.1.0/lib/ruby/gems/2.1.0/specifications/pg-0.17.1.gemspec
I, [2014-09-22T15:46:01.806611 #78155]  INFO -- : 0:  rack (1.5.2) from /Users/samcouch/.rvm/rubies/ruby-2.1.0/lib/ruby/gems/2.1.0/specifications/rack-1.5.2.gemspec
I, [2014-09-22T15:46:01.807037 #78155]  INFO -- : 0:  rack-protection (1.5.3) from /Users/samcouch/.rvm/rubies/ruby-2.1.0/lib/ruby/gems/2.1.0/specifications/rack-protection-1.5.3.gemspec
I, [2014-09-22T15:46:01.807311 #78155]  INFO -- : 0:  tilt (1.4.1) from /Users/samcouch/.rvm/rubies/ruby-2.1.0/lib/ruby/gems/2.1.0/specifications/tilt-1.4.1.gemspec
I, [2014-09-22T15:46:01.807614 #78155]  INFO -- : 0:  sinatra (1.4.5) from /Users/samcouch/.rvm/rubies/ruby-2.1.0/lib/ruby/gems/2.1.0/specifications/sinatra-1.4.5.gemspec
I, [2014-09-22T15:46:02.645788 #78155]  INFO -- : 0:  sinatra-activerecord (2.0.2) from /Users/samcouch/.rvm/rubies/ruby-2.1.0/lib/ruby/gems/2.1.0/specifications/sinatra-activerecord-2.0.2.gemspec
I, [2014-09-22T15:46:03.229083 #78155]  INFO -- : 0:  sinatra-flash (0.3.0) from /Users/samcouch/.rvm/rubies/ruby-2.1.0/lib/ruby/gems/2.1.0/specifications/sinatra-flash-0.3.0.gemspec
I, [2014-09-22T15:46:04.541195 #78155]  INFO -- : 0:  sinatra-redirect-with-flash (0.2.1) from /Users/samcouch/.rvm/rubies/ruby-2.1.0/lib/ruby/gems/2.1.0/specifications/sinatra-redirect-with-flash-0.2.1.gemspec
I, [2014-09-22T15:46:04.541532 #78155]  INFO -- : 0:  bundler (1.5.1) from /Users/samcouch/.rvm/rubies/ruby-2.1.0/lib/ruby/gems/2.1.0/specifications/bundler-1.5.1.gemspec
I, [2014-09-22T15:52:21.440905 #78930]  INFO -- : 0:  i18n (0.6.11) from /Users/samcouch/.rvm/rubies/ruby-2.1.0/lib/ruby/gems/2.1.0/specifications/i18n-0.6.11.gemspec
I, [2014-09-22T15:52:21.441248 #78930]  INFO -- : 0:  json (1.8.1) from /Users/samcouch/.rvm/rubies/ruby-2.1.0/lib/ruby/gems/2.1.0/specifications/default/json-1.8.1.gemspec
I, [2014-09-22T15:52:21.441505 #78930]  INFO -- : 0:  minitest (5.4.1) from /Users/samcouch/.rvm/rubies/ruby-2.1.0/lib/ruby/gems/2.1.0/specifications/minitest-5.4.1.gemspec
I, [2014-09-22T15:52:21.441734 #78930]  INFO -- : 0:  thread_safe (0.3.4) from /Users/samcouch/.rvm/rubies/ruby-2.1.0/lib/ruby/gems/2.1.0/specifications/thread_safe-0.3.4.gemspec
I, [2014-09-22T15:52:21.441970 #78930]  INFO -- : 0:  tzinfo (1.2.2) from /Users/samcouch/.rvm/rubies/ruby-2.1.0/lib/ruby/gems/2.1.0/specifications/tzinfo-1.2.2.gemspec
I, [2014-09-22T15:52:21.442191 #78930]  INFO -- : 0:  activesupport (4.1.6) from /Users/samcouch/.rvm/rubies/ruby-2.1.0/lib/ruby/gems/2.1.0/specifications/activesupport-4.1.6.gemspec
I, [2014-09-22T15:52:21.442414 #78930]  INFO -- : 0:  builder (3.2.2) from /Users/samcouch/.rvm/rubies/ruby-2.1.0/lib/ruby/gems/2.1.0/specifications/builder-3.2.2.gemspec
I, [2014-09-22T15:52:21.442633 #78930]  INFO -- : 0:  activemodel (4.1.6) from /Users/samcouch/.rvm/rubies/ruby-2.1.0/lib/ruby/gems/2.1.0/specifications/activemodel-4.1.6.gemspec
I, [2014-09-22T15:52:21.442859 #78930]  INFO -- : 0:  arel (5.0.1.20140414130214) from /Users/samcouch/.rvm/rubies/ruby-2.1.0/lib/ruby/gems/2.1.0/specifications/arel-5.0.1.20140414130214.gemspec
I, [2014-09-22T15:52:21.443079 #78930]  INFO -- : 0:  activerecord (4.1.6) from /Users/samcouch/.rvm/rubies/ruby-2.1.0/lib/ruby/gems/2.1.0/specifications/activerecord-4.1.6.gemspec
I, [2014-09-22T15:52:22.725681 #78930]  INFO -- : 0:  dotenv-deployment (0.0.2) from /Users/samcouch/.rvm/rubies/ruby-2.1.0/lib/ruby/gems/2.1.0/specifications/dotenv-deployment-0.0.2.gemspec
I, [2014-09-22T15:52:23.449352 #78930]  INFO -- : 0:  dotenv (0.11.1) from /Users/samcouch/.rvm/rubies/ruby-2.1.0/lib/ruby/gems/2.1.0/specifications/dotenv-0.11.1.gemspec
I, [2014-09-22T15:52:23.449801 #78930]  INFO -- : 0:  pg (0.17.1) from /Users/samcouch/.rvm/rubies/ruby-2.1.0/lib/ruby/gems/2.1.0/specifications/pg-0.17.1.gemspec
I, [2014-09-22T15:52:23.450129 #78930]  INFO -- : 0:  rack (1.5.2) from /Users/samcouch/.rvm/rubies/ruby-2.1.0/lib/ruby/gems/2.1.0/specifications/rack-1.5.2.gemspec
I, [2014-09-22T15:52:23.450440 #78930]  INFO -- : 0:  rack-protection (1.5.3) from /Users/samcouch/.rvm/rubies/ruby-2.1.0/lib/ruby/gems/2.1.0/specifications/rack-protection-1.5.3.gemspec
I, [2014-09-22T15:52:23.450731 #78930]  INFO -- : 0:  tilt (1.4.1) from /Users/samcouch/.rvm/rubies/ruby-2.1.0/lib/ruby/gems/2.1.0/specifications/tilt-1.4.1.gemspec
I, [2014-09-22T15:52:23.451000 #78930]  INFO -- : 0:  sinatra (1.4.5) from /Users/samcouch/.rvm/rubies/ruby-2.1.0/lib/ruby/gems/2.1.0/specifications/sinatra-1.4.5.gemspec
I, [2014-09-22T15:52:23.451239 #78930]  INFO -- : 0:  sinatra-activerecord (2.0.2) from /Users/samcouch/.rvm/rubies/ruby-2.1.0/lib/ruby/gems/2.1.0/specifications/sinatra-activerecord-2.0.2.gemspec
I, [2014-09-22T15:52:23.451467 #78930]  INFO -- : 0:  sinatra-flash (0.3.0) from /Users/samcouch/.rvm/rubies/ruby-2.1.0/lib/ruby/gems/2.1.0/specifications/sinatra-flash-0.3.0.gemspec
I, [2014-09-22T15:52:23.451713 #78930]  INFO -- : 0:  sinatra-redirect-with-flash (0.2.1) from /Users/samcouch/.rvm/rubies/ruby-2.1.0/lib/ruby/gems/2.1.0/specifications/sinatra-redirect-with-flash-0.2.1.gemspec
I, [2014-09-22T15:52:23.451941 #78930]  INFO -- : 0:  bundler (1.5.1) from /Users/samcouch/.rvm/rubies/ruby-2.1.0/lib/ruby/gems/2.1.0/specifications/bundler-1.5.1.gemspec
I, [2014-09-22T20:25:32.987686 #83796]  INFO -- : 0:  i18n (0.6.11) from /Users/samcouch/.rvm/rubies/ruby-2.1.0/lib/ruby/gems/2.1.0/specifications/i18n-0.6.11.gemspec
I, [2014-09-22T20:25:32.988389 #83796]  INFO -- : 0:  json (1.8.1) from /Users/samcouch/.rvm/rubies/ruby-2.1.0/lib/ruby/gems/2.1.0/specifications/default/json-1.8.1.gemspec
I, [2014-09-22T20:25:32.988762 #83796]  INFO -- : 0:  minitest (5.4.1) from /Users/samcouch/.rvm/rubies/ruby-2.1.0/lib/ruby/gems/2.1.0/specifications/minitest-5.4.1.gemspec
I, [2014-09-22T20:25:32.989075 #83796]  INFO -- : 0:  thread_safe (0.3.4) from /Users/samcouch/.rvm/rubies/ruby-2.1.0/lib/ruby/gems/2.1.0/specifications/thread_safe-0.3.4.gemspec
I, [2014-09-22T20:25:32.989404 #83796]  INFO -- : 0:  tzinfo (1.2.2) from /Users/samcouch/.rvm/rubies/ruby-2.1.0/lib/ruby/gems/2.1.0/specifications/tzinfo-1.2.2.gemspec
I, [2014-09-22T20:25:32.989697 #83796]  INFO -- : 0:  activesupport (4.1.6) from /Users/samcouch/.rvm/rubies/ruby-2.1.0/lib/ruby/gems/2.1.0/specifications/activesupport-4.1.6.gemspec
I, [2014-09-22T20:25:32.990020 #83796]  INFO -- : 0:  builder (3.2.2) from /Users/samcouch/.rvm/rubies/ruby-2.1.0/lib/ruby/gems/2.1.0/specifications/builder-3.2.2.gemspec
I, [2014-09-22T20:25:32.990324 #83796]  INFO -- : 0:  activemodel (4.1.6) from /Users/samcouch/.rvm/rubies/ruby-2.1.0/lib/ruby/gems/2.1.0/specifications/activemodel-4.1.6.gemspec
I, [2014-09-22T20:25:32.990620 #83796]  INFO -- : 0:  arel (5.0.1.20140414130214) from /Users/samcouch/.rvm/rubies/ruby-2.1.0/lib/ruby/gems/2.1.0/specifications/arel-5.0.1.20140414130214.gemspec
I, [2014-09-22T20:25:32.990920 #83796]  INFO -- : 0:  activerecord (4.1.6) from /Users/samcouch/.rvm/rubies/ruby-2.1.0/lib/ruby/gems/2.1.0/specifications/activerecord-4.1.6.gemspec
I, [2014-09-22T20:25:32.991231 #83796]  INFO -- : 0:  dotenv-deployment (0.0.2) from /Users/samcouch/.rvm/rubies/ruby-2.1.0/lib/ruby/gems/2.1.0/specifications/dotenv-deployment-0.0.2.gemspec
I, [2014-09-22T20:25:32.991515 #83796]  INFO -- : 0:  dotenv (0.11.1) from /Users/samcouch/.rvm/rubies/ruby-2.1.0/lib/ruby/gems/2.1.0/specifications/dotenv-0.11.1.gemspec
I, [2014-09-22T20:25:32.991805 #83796]  INFO -- : 0:  pg (0.17.1) from /Users/samcouch/.rvm/rubies/ruby-2.1.0/lib/ruby/gems/2.1.0/specifications/pg-0.17.1.gemspec
I, [2014-09-22T20:25:32.992109 #83796]  INFO -- : 0:  rack (1.5.2) from /Users/samcouch/.rvm/rubies/ruby-2.1.0/lib/ruby/gems/2.1.0/specifications/rack-1.5.2.gemspec
I, [2014-09-22T20:25:32.992394 #83796]  INFO -- : 0:  rack-protection (1.5.3) from /Users/samcouch/.rvm/rubies/ruby-2.1.0/lib/ruby/gems/2.1.0/specifications/rack-protection-1.5.3.gemspec
I, [2014-09-22T20:25:32.992687 #83796]  INFO -- : 0:  tilt (1.4.1) from /Users/samcouch/.rvm/rubies/ruby-2.1.0/lib/ruby/gems/2.1.0/specifications/tilt-1.4.1.gemspec
I, [2014-09-22T20:25:32.992968 #83796]  INFO -- : 0:  sinatra (1.4.5) from /Users/samcouch/.rvm/rubies/ruby-2.1.0/lib/ruby/gems/2.1.0/specifications/sinatra-1.4.5.gemspec
I, [2014-09-22T20:25:32.993209 #83796]  INFO -- : 0:  sinatra-activerecord (2.0.2) from /Users/samcouch/.rvm/rubies/ruby-2.1.0/lib/ruby/gems/2.1.0/specifications/sinatra-activerecord-2.0.2.gemspec
I, [2014-09-22T20:25:32.993457 #83796]  INFO -- : 0:  sinatra-flash (0.3.0) from /Users/samcouch/.rvm/rubies/ruby-2.1.0/lib/ruby/gems/2.1.0/specifications/sinatra-flash-0.3.0.gemspec
I, [2014-09-22T20:25:32.993685 #83796]  INFO -- : 0:  sinatra-redirect-with-flash (0.2.1) from /Users/samcouch/.rvm/rubies/ruby-2.1.0/lib/ruby/gems/2.1.0/specifications/sinatra-redirect-with-flash-0.2.1.gemspec
I, [2014-09-22T20:25:32.993895 #83796]  INFO -- : 0:  bundler (1.5.1) from /Users/samcouch/.rvm/rubies/ruby-2.1.0/lib/ruby/gems/2.1.0/specifications/bundler-1.5.1.gemspec
